{"timestamp":"2025-11-07T02:28:28.063907Z","level":"info","event":"DAG bundles loaded: dags-folder","logger":"airflow.dag_processing.bundles.manager.DagBundlesManager","filename":"manager.py","lineno":179}
{"timestamp":"2025-11-07T02:28:28.064314Z","level":"info","event":"Filling up the DagBag from /opt/airflow/dags/dag_pipeline.py","logger":"airflow.models.dagbag.DagBag","filename":"dagbag.py","lineno":593}
{"timestamp":"2025-11-07T02:28:28.326454Z","level":"warning","event":"The `airflow.decorators.task` attribute is deprecated. Please use `'airflow.sdk.task'`.","category":"DeprecatedImportWarning","filename":"/opt/airflow/dags/dag_pipeline.py","lineno":5,"logger":"py.warnings"}
{"timestamp":"2025-11-07T02:28:29.444342Z","level":"error","event":"Setting default log level to \"WARN\".","logger":"task.stderr"}
{"timestamp":"2025-11-07T02:28:29.445569Z","level":"error","event":"To adjust logging level use sc.setLogLevel(newLevel). For SparkR, use setLogLevel(newLevel).","logger":"task.stderr"}
{"timestamp":"2025-11-07T02:28:29.666935Z","level":"error","event":"25/11/07 02:28:29 WARN NativeCodeLoader: Unable to load native-hadoop library for your platform... using builtin-java classes where applicable","logger":"task.stderr"}
{"timestamp":"2025-11-07T02:28:30.271247Z","level":"error","event":"25/11/07 02:28:30 WARN Utils: Service 'SparkUI' could not bind on port 4040. Attempting port 4041.","logger":"task.stderr"}
{"timestamp":"2025-11-07T02:28:33.783132Z","level":"info","event":"Loaded 100 persons into Spark","logger":"task.stdout"}
{"timestamp":"2025-11-07T02:28:34.103951Z","level":"info","event":"+---------+---------+--------------------+-----------------+--------------------+---------------+--------------------+---+------+------------------+------------+------------+--------------+","logger":"task.stdout"}
{"timestamp":"2025-11-07T02:28:34.104521Z","level":"info","event":"|firstname| lastname|               email|            phone|             address|           city|             country|age|salary|          fullname|email_domain|age_category|salary_bracket|","logger":"task.stdout"}
{"timestamp":"2025-11-07T02:28:34.104849Z","level":"info","event":"+---------+---------+--------------------+-----------------+--------------------+---------------+--------------------+---+------+------------------+------------+------------+--------------+","logger":"task.stdout"}
{"timestamp":"2025-11-07T02:28:34.105185Z","level":"info","event":"|   Robert|  Osborne|felicia46@hotmail...|       7325276649|23362 Christian T...|  North Richard|           Lithuania| 55|125167|    Robert Osborne| hotmail.com|      Senior|        Senior|","logger":"task.stdout"}
{"timestamp":"2025-11-07T02:28:34.105941Z","level":"info","event":"|   Alexis|  Compton|gjohnson@hotmail.com|535.330.7881x8955|7465 Johnson Poin...|West Ronaldstad|           Swaziland| 61| 58791|    Alexis Compton| hotmail.com|      Senior|         Entry|","logger":"task.stdout"}
{"timestamp":"2025-11-07T02:28:34.106198Z","level":"info","event":"|   Rodney|   Daniel|carolwallace@gmai...|604.552.9736x9104|173 Leonard Land ...| Port Lisashire|Netherlands Antilles| 23| 52506|     Rodney Daniel|   gmail.com|       Young|         Entry|","logger":"task.stdout"}
{"timestamp":"2025-11-07T02:28:34.106723Z","level":"info","event":"|     Lisa|    Fritz|kleinbrandi@gmail...|    (343)753-5547|   923 Rocha Landing|     Dudleytown|            Colombia| 42|110684|        Lisa Fritz|   gmail.com|  Mid-Career|        Senior|","logger":"task.stdout"}
{"timestamp":"2025-11-07T02:28:34.107084Z","level":"info","event":"| Jennifer|Rodriguez|pughjessica@gmail...|     435.745.1549|26367 Brendan Way...|     Carterbury|              Tuvalu| 40| 88863|Jennifer Rodriguez|   gmail.com|  Mid-Career|           Mid|","logger":"task.stdout"}
{"timestamp":"2025-11-07T02:28:34.107837Z","level":"info","event":"+---------+---------+--------------------+-----------------+--------------------+---------------+--------------------+---+------+------------------+------------+------------+--------------+","logger":"task.stdout"}
{"timestamp":"2025-11-07T02:28:34.108181Z","level":"info","event":"only showing top 5 rows","logger":"task.stdout"}
{"timestamp":"2025-11-07T02:28:34.111072Z","level":"info","event":"","logger":"task.stdout"}
{"timestamp":"2025-11-07T02:28:34.557866Z","level":"info","event":"Transformed persons saved to /opt/airflow/data/persons_transformed.csv","logger":"task.stdout"}
{"timestamp":"2025-11-07T02:28:35.022930Z","level":"info","event":"PySpark session stopped","logger":"task.stdout"}
{"timestamp":"2025-11-07T02:28:35.040226Z","level":"info","event":"Done. Returned value was: /opt/airflow/data/persons_transformed.csv","logger":"airflow.task.operators.airflow.providers.standard.decorators.python._PythonDecoratedOperator","filename":"python.py","lineno":218}
{"timestamp":"2025-11-07T02:28:35.045967Z","level":"info","event":"Pushing xcom","ti":"RuntimeTaskInstance(id=UUID('019a5c24-c8aa-72d4-b370-d1c9d30bb416'), task_id='transform_persons_pyspark', dag_id='pipeline', run_id='manual__2025-11-07T02:28:25.866732+00:00', try_number=1, dag_version_id=UUID('019a5c14-a429-76ef-a6d7-3fdef8c7a2b7'), map_index=-1, hostname='a988b2c02150', context_carrier={}, task=<Task(_PythonDecoratedOperator): transform_persons_pyspark>, bundle_instance=LocalDagBundle(name=dags-folder), max_tries=1, start_date=datetime.datetime(2025, 11, 7, 2, 28, 27, 977581, tzinfo=datetime.timezone.utc), end_date=None, state=<TaskInstanceState.RUNNING: 'running'>, is_mapped=False, rendered_map_index=None)","logger":"task","filename":"task_runner.py","lineno":1352}
