{"timestamp":"2025-11-07T02:12:55.627154Z","level":"info","event":"DAG bundles loaded: dags-folder","logger":"airflow.dag_processing.bundles.manager.DagBundlesManager","filename":"manager.py","lineno":179}
{"timestamp":"2025-11-07T02:12:55.628147Z","level":"info","event":"Filling up the DagBag from /opt/airflow/dags/dag_pipeline.py","logger":"airflow.models.dagbag.DagBag","filename":"dagbag.py","lineno":593}
{"timestamp":"2025-11-07T02:12:55.865501Z","level":"warning","event":"The `airflow.decorators.task` attribute is deprecated. Please use `'airflow.sdk.task'`.","category":"DeprecatedImportWarning","filename":"/opt/airflow/dags/dag_pipeline.py","lineno":305,"logger":"py.warnings"}
{"timestamp":"2025-11-07T02:12:55.961368Z","level":"info","event":"Starting PySpark transformation for persons...","logger":"task.stdout"}
{"timestamp":"2025-11-07T02:12:57.848423Z","level":"error","event":"Setting default log level to \"WARN\".","logger":"task.stderr"}
{"timestamp":"2025-11-07T02:12:57.858416Z","level":"error","event":"To adjust logging level use sc.setLogLevel(newLevel). For SparkR, use setLogLevel(newLevel).","logger":"task.stderr"}
{"timestamp":"2025-11-07T02:12:58.066687Z","level":"error","event":"25/11/07 02:12:58 WARN NativeCodeLoader: Unable to load native-hadoop library for your platform... using builtin-java classes where applicable","logger":"task.stderr"}
{"timestamp":"2025-11-07T02:13:02.649765Z","level":"info","event":"Loaded 100 persons into Spark","logger":"task.stdout"}
{"timestamp":"2025-11-07T02:13:02.708977Z","level":"info","event":"PySpark transformations complete!","logger":"task.stdout"}
{"timestamp":"2025-11-07T02:13:02.998863Z","level":"info","event":"+---------+--------+--------------------+--------------------+--------------------+-------------------+-------------+---+------+---------------+------------+------------+--------------+","logger":"task.stdout"}
{"timestamp":"2025-11-07T02:13:03.002439Z","level":"info","event":"|firstname|lastname|               email|               phone|             address|               city|      country|age|salary|       fullname|email_domain|age_category|salary_bracket|","logger":"task.stdout"}
{"timestamp":"2025-11-07T02:13:03.003562Z","level":"info","event":"+---------+--------+--------------------+--------------------+--------------------+-------------------+-------------+---+------+---------------+------------+------------+--------------+","logger":"task.stdout"}
{"timestamp":"2025-11-07T02:13:03.003738Z","level":"info","event":"|    Brian| Sanders|johnsonclaudia@ya...|          9625632209|47727 Christopher...|      Port Ritaside|        Kenya| 49|102927|  Brian Sanders|   yahoo.com|  Mid-Career|           Mid|","logger":"task.stdout"}
{"timestamp":"2025-11-07T02:13:03.003828Z","level":"info","event":"|  Lindsay|  Moreno|amanda03@hotmail.com|        969-440-7173|22314 Perez Shore...|        New Heather|        Kenya| 38| 46770| Lindsay Moreno| hotmail.com|  Mid-Career|         Entry|","logger":"task.stdout"}
{"timestamp":"2025-11-07T02:13:03.003908Z","level":"info","event":"|   Steven|   Doyle|  gdavis@hotmail.com|+1-925-810-3410x9753|  29309 Samuel Locks|          Gouldfurt|      Austria| 42| 76939|   Steven Doyle| hotmail.com|  Mid-Career|           Mid|","logger":"task.stdout"}
{"timestamp":"2025-11-07T02:13:03.004013Z","level":"info","event":"|   Willie|  Walker|  qburgess@gmail.com|        879-525-4277|0071 Lori Stream ...|North Katherineberg|   Azerbaijan| 22| 51143|  Willie Walker|   gmail.com|       Young|         Entry|","logger":"task.stdout"}
{"timestamp":"2025-11-07T02:13:03.004174Z","level":"info","event":"|  Jessica| Aguilar|pamelamorgan@gmai...|+1-362-843-7753x3...|22830 Davis Keys ...|           Marktown|New Caledonia| 60| 57925|Jessica Aguilar|   gmail.com|      Senior|         Entry|","logger":"task.stdout"}
{"timestamp":"2025-11-07T02:13:03.004389Z","level":"info","event":"+---------+--------+--------------------+--------------------+--------------------+-------------------+-------------+---+------+---------------+------------+------------+--------------+","logger":"task.stdout"}
{"timestamp":"2025-11-07T02:13:03.004782Z","level":"info","event":"only showing top 5 rows","logger":"task.stdout"}
{"timestamp":"2025-11-07T02:13:03.004972Z","level":"info","event":"","logger":"task.stdout"}
{"timestamp":"2025-11-07T02:13:03.609879Z","level":"info","event":"Transformed persons saved to /opt/airflow/data/persons_transformed.csv","logger":"task.stdout"}
{"timestamp":"2025-11-07T02:13:03.983381Z","level":"info","event":"PySpark session stopped","logger":"task.stdout"}
{"timestamp":"2025-11-07T02:13:03.990645Z","level":"info","event":"Done. Returned value was: /opt/airflow/data/persons_transformed.csv","logger":"airflow.task.operators.airflow.providers.standard.decorators.python._PythonDecoratedOperator","filename":"python.py","lineno":218}
{"timestamp":"2025-11-07T02:13:03.993458Z","level":"info","event":"Pushing xcom","ti":"RuntimeTaskInstance(id=UUID('019a5c16-9017-771d-9131-51aea1310daf'), task_id='transform_persons_pyspark', dag_id='pipeline', run_id='manual__2025-11-07T02:12:53.882948+00:00', try_number=1, dag_version_id=UUID('019a5c14-a429-76ef-a6d7-3fdef8c7a2b7'), map_index=-1, hostname='a988b2c02150', context_carrier={}, task=<Task(_PythonDecoratedOperator): transform_persons_pyspark>, bundle_instance=LocalDagBundle(name=dags-folder), max_tries=1, start_date=datetime.datetime(2025, 11, 7, 2, 12, 55, 530476, tzinfo=datetime.timezone.utc), end_date=None, state=<TaskInstanceState.RUNNING: 'running'>, is_mapped=False, rendered_map_index=None)","logger":"task","filename":"task_runner.py","lineno":1352}
