{"timestamp":"2025-11-07T02:10:52.133325Z","level":"info","event":"DAG bundles loaded: dags-folder","logger":"airflow.dag_processing.bundles.manager.DagBundlesManager","filename":"manager.py","lineno":179}
{"timestamp":"2025-11-07T02:10:52.134193Z","level":"info","event":"Filling up the DagBag from /opt/airflow/dags/dag_pipeline.py","logger":"airflow.models.dagbag.DagBag","filename":"dagbag.py","lineno":593}
{"timestamp":"2025-11-07T02:10:52.511249Z","level":"warning","event":"The `airflow.decorators.task` attribute is deprecated. Please use `'airflow.sdk.task'`.","category":"DeprecatedImportWarning","filename":"/opt/airflow/dags/dag_pipeline.py","lineno":305,"logger":"py.warnings"}
{"timestamp":"2025-11-07T02:10:52.641061Z","level":"info","event":"Starting PySpark transformation for persons...","logger":"task.stdout"}
{"timestamp":"2025-11-07T02:10:54.955717Z","level":"error","event":"Setting default log level to \"WARN\".","logger":"task.stderr"}
{"timestamp":"2025-11-07T02:10:54.957882Z","level":"error","event":"To adjust logging level use sc.setLogLevel(newLevel). For SparkR, use setLogLevel(newLevel).","logger":"task.stderr"}
{"timestamp":"2025-11-07T02:10:55.198937Z","level":"error","event":"25/11/07 02:10:55 WARN NativeCodeLoader: Unable to load native-hadoop library for your platform... using builtin-java classes where applicable","logger":"task.stderr"}
{"timestamp":"2025-11-07T02:10:55.671828Z","level":"error","event":"25/11/07 02:10:55 WARN Utils: Service 'SparkUI' could not bind on port 4040. Attempting port 4041.","logger":"task.stderr"}
{"timestamp":"2025-11-07T02:11:00.325093Z","level":"info","event":"Loaded 100 persons into Spark","logger":"task.stdout"}
{"timestamp":"2025-11-07T02:11:00.567645Z","level":"info","event":"PySpark transformations complete!","logger":"task.stdout"}
{"timestamp":"2025-11-07T02:11:01.100423Z","level":"info","event":"+---------+--------+--------------------+--------------------+--------------------+----------------+--------------------+---+------+---------------+------------+------------+--------------+","logger":"task.stdout"}
{"timestamp":"2025-11-07T02:11:01.101093Z","level":"info","event":"|firstname|lastname|               email|               phone|             address|            city|             country|age|salary|       fullname|email_domain|age_category|salary_bracket|","logger":"task.stdout"}
{"timestamp":"2025-11-07T02:11:01.101648Z","level":"info","event":"+---------+--------+--------------------+--------------------+--------------------+----------------+--------------------+---+------+---------------+------------+------------+--------------+","logger":"task.stdout"}
{"timestamp":"2025-11-07T02:11:01.102358Z","level":"info","event":"| Patricia|  Warner|andrew28@hotmail.com|  296-360-0522x92293|7867 Cross Courts...|Lake Shannonfort|French Southern T...| 63| 52927|Patricia Warner| hotmail.com|      Senior|         Entry|","logger":"task.stdout"}
{"timestamp":"2025-11-07T02:11:01.102904Z","level":"info","event":"|   Eileen|  Berger|brendahaynes@yaho...|   314.329.7450x1140|26997 Rebecca Tra...|      Hinesmouth|            Paraguay| 35|113812|  Eileen Berger|   yahoo.com|  Mid-Career|        Senior|","logger":"task.stdout"}
{"timestamp":"2025-11-07T02:11:01.103101Z","level":"info","event":"|     John| Andrews|paigekrause@gmail...|   380-348-2088x0145|1359 Raymond Clif...|  Harringtonland|          Guadeloupe| 53| 66855|   John Andrews|   gmail.com|      Senior|         Entry|","logger":"task.stdout"}
{"timestamp":"2025-11-07T02:11:01.103268Z","level":"info","event":"|Alexandra|    Frye|chapmanmichael@gm...|        763.500.7648|62771 Thompson Hi...|       Smithland|             Burundi| 33| 63118| Alexandra Frye|   gmail.com|       Young|         Entry|","logger":"task.stdout"}
{"timestamp":"2025-11-07T02:11:01.103431Z","level":"info","event":"|   Daniel|   Mills|  angela20@gmail.com|001-920-771-4066x...|  86726 Ramos Island|South Stevemouth|               Gabon| 63|100649|   Daniel Mills|   gmail.com|      Senior|           Mid|","logger":"task.stdout"}
{"timestamp":"2025-11-07T02:11:01.103575Z","level":"info","event":"+---------+--------+--------------------+--------------------+--------------------+----------------+--------------------+---+------+---------------+------------+------------+--------------+","logger":"task.stdout"}
{"timestamp":"2025-11-07T02:11:01.104221Z","level":"info","event":"only showing top 5 rows","logger":"task.stdout"}
{"timestamp":"2025-11-07T02:11:01.104327Z","level":"info","event":"","logger":"task.stdout"}
{"timestamp":"2025-11-07T02:11:01.878442Z","level":"info","event":"Transformed persons saved to /opt/airflow/data/persons_transformed.csv","logger":"task.stdout"}
{"timestamp":"2025-11-07T02:11:02.441906Z","level":"info","event":"PySpark session stopped","logger":"task.stdout"}
{"timestamp":"2025-11-07T02:11:02.488081Z","level":"info","event":"Done. Returned value was: /opt/airflow/data/persons_transformed.csv","logger":"airflow.task.operators.airflow.providers.standard.decorators.python._PythonDecoratedOperator","filename":"python.py","lineno":218}
{"timestamp":"2025-11-07T02:11:02.496466Z","level":"info","event":"Pushing xcom","ti":"RuntimeTaskInstance(id=UUID('019a5c14-a55a-7d10-9417-0bd212568df7'), task_id='transform_persons_pyspark', dag_id='pipeline', run_id='scheduled__2025-11-07T00:00:00+00:00', try_number=1, dag_version_id=UUID('019a5c14-a429-76ef-a6d7-3fdef8c7a2b7'), map_index=-1, hostname='a988b2c02150', context_carrier={}, task=<Task(_PythonDecoratedOperator): transform_persons_pyspark>, bundle_instance=LocalDagBundle(name=dags-folder), max_tries=1, start_date=datetime.datetime(2025, 11, 7, 2, 10, 51, 858166, tzinfo=datetime.timezone.utc), end_date=None, state=<TaskInstanceState.RUNNING: 'running'>, is_mapped=False, rendered_map_index=None)","logger":"task","filename":"task_runner.py","lineno":1352}
