{"timestamp":"2025-11-07T02:34:29.133165Z","level":"info","event":"DAG bundles loaded: dags-folder","logger":"airflow.dag_processing.bundles.manager.DagBundlesManager","filename":"manager.py","lineno":179}
{"timestamp":"2025-11-07T02:34:29.133671Z","level":"info","event":"Filling up the DagBag from /opt/airflow/dags/dag_pipeline.py","logger":"airflow.models.dagbag.DagBag","filename":"dagbag.py","lineno":593}
{"timestamp":"2025-11-07T02:34:29.470020Z","level":"warning","event":"The `airflow.decorators.task` attribute is deprecated. Please use `'airflow.sdk.task'`.","category":"DeprecatedImportWarning","filename":"/opt/airflow/dags/dag_pipeline.py","lineno":5,"logger":"py.warnings"}
{"timestamp":"2025-11-07T02:34:29.556119Z","level":"info","event":"Starting PySpark transformation for companies...","logger":"task.stdout"}
{"timestamp":"2025-11-07T02:34:30.613139Z","level":"error","event":"Setting default log level to \"WARN\".","logger":"task.stderr"}
{"timestamp":"2025-11-07T02:34:30.613693Z","level":"error","event":"To adjust logging level use sc.setLogLevel(newLevel). For SparkR, use setLogLevel(newLevel).","logger":"task.stderr"}
{"timestamp":"2025-11-07T02:34:30.823153Z","level":"error","event":"25/11/07 02:34:30 WARN NativeCodeLoader: Unable to load native-hadoop library for your platform... using builtin-java classes where applicable","logger":"task.stderr"}
{"timestamp":"2025-11-07T02:34:35.500453Z","level":"info","event":"Loaded 100 companies into Spark","logger":"task.stdout"}
{"timestamp":"2025-11-07T02:34:35.575271Z","level":"info","event":"PySpark transformations complete!","logger":"task.stdout"}
{"timestamp":"2025-11-07T02:34:35.839000Z","level":"info","event":"+--------------------+--------------------+--------------------+---------+--------------------+----------+--------------------+---------------+------------+-------+------------+-----------+----------------+--------------+","logger":"task.stdout"}
{"timestamp":"2025-11-07T02:34:35.839434Z","level":"info","event":"|                name|               email|               phone|  country|             website|  industry|        catch_phrase|employees_count|founded_year|revenue|company_size|company_age|revenue_category|industry_clean|","logger":"task.stdout"}
{"timestamp":"2025-11-07T02:34:35.839624Z","level":"info","event":"+--------------------+--------------------+--------------------+---------+--------------------+----------+--------------------+---------------+------------+-------+------------+-----------+----------------+--------------+","logger":"task.stdout"}
{"timestamp":"2025-11-07T02:34:35.839744Z","level":"info","event":"|       Griffin-Smith|  info@hernandez.com|    001-895-589-0394|  Croatia|    http://levy.biz/|  Leverage|Upgradable intang...|           1661|        1954|7602684|       Large|         71|            High|      LEVERAGE|","logger":"task.stdout"}
{"timestamp":"2025-11-07T02:34:35.839847Z","level":"info","event":"|Jones, Anderson a...|info@jackson-wong...|   666-223-8836x3748|    India|  http://jones.info/|  Optimize|Front-line soluti...|           4904|        1983|8669237|       Large|         42|            High|      OPTIMIZE|","logger":"task.stdout"}
{"timestamp":"2025-11-07T02:34:35.839947Z","level":"info","event":"|      Black-Phillips|      info@lewis.com|          4645612009|  Georgia|http://rogers-rei...|   Embrace|Universal 24hour ...|           1192|        1966|1941033|       Large|         59|             Mid|       EMBRACE|","logger":"task.stdout"}
{"timestamp":"2025-11-07T02:34:35.840111Z","level":"info","event":"|       Ward and Sons|    info@johnson.biz|+1-799-992-3300x8133|Venezuela|http://www.myers....|Transition|Object-based tert...|             37|        1973|5896506|       Small|         52|            High|    TRANSITION|","logger":"task.stdout"}
{"timestamp":"2025-11-07T02:34:35.840258Z","level":"info","event":"|     Chavez-Anderson|info@williams-pri...|001-237-985-9086x...| Pakistan|https://osborne.com/|  Incubate|De-engineered exe...|           4534|        1995|2495736|       Large|         30|             Mid|      INCUBATE|","logger":"task.stdout"}
{"timestamp":"2025-11-07T02:34:35.840448Z","level":"info","event":"+--------------------+--------------------+--------------------+---------+--------------------+----------+--------------------+---------------+------------+-------+------------+-----------+----------------+--------------+","logger":"task.stdout"}
{"timestamp":"2025-11-07T02:34:35.840540Z","level":"info","event":"only showing top 5 rows","logger":"task.stdout"}
{"timestamp":"2025-11-07T02:34:35.840690Z","level":"info","event":"","logger":"task.stdout"}
{"timestamp":"2025-11-07T02:34:36.112646Z","level":"info","event":"Transformed companies saved to /opt/airflow/data/companies_transformed.csv","logger":"task.stdout"}
{"timestamp":"2025-11-07T02:34:36.189642Z","level":"info","event":"PySpark session stopped","logger":"task.stdout"}
{"timestamp":"2025-11-07T02:34:36.200853Z","level":"info","event":"Done. Returned value was: /opt/airflow/data/companies_transformed.csv","logger":"airflow.task.operators.airflow.providers.standard.decorators.python._PythonDecoratedOperator","filename":"python.py","lineno":218}
{"timestamp":"2025-11-07T02:34:36.224311Z","level":"info","event":"Pushing xcom","ti":"RuntimeTaskInstance(id=UUID('019a5c2a-4cd3-78f0-a2eb-9c7a7b989dcb'), task_id='transform_companies_pyspark', dag_id='pipeline', run_id='manual__2025-11-07T02:34:27.377655+00:00', try_number=1, dag_version_id=UUID('019a5c14-a429-76ef-a6d7-3fdef8c7a2b7'), map_index=-1, hostname='a988b2c02150', context_carrier={}, task=<Task(_PythonDecoratedOperator): transform_companies_pyspark>, bundle_instance=LocalDagBundle(name=dags-folder), max_tries=1, start_date=datetime.datetime(2025, 11, 7, 2, 34, 29, 47096, tzinfo=datetime.timezone.utc), end_date=None, state=<TaskInstanceState.RUNNING: 'running'>, is_mapped=False, rendered_map_index=None)","logger":"task","filename":"task_runner.py","lineno":1352}
