{"timestamp":"2025-11-07T02:12:55.624105Z","level":"info","event":"DAG bundles loaded: dags-folder","logger":"airflow.dag_processing.bundles.manager.DagBundlesManager","filename":"manager.py","lineno":179}
{"timestamp":"2025-11-07T02:12:55.624451Z","level":"info","event":"Filling up the DagBag from /opt/airflow/dags/dag_pipeline.py","logger":"airflow.models.dagbag.DagBag","filename":"dagbag.py","lineno":593}
{"timestamp":"2025-11-07T02:12:55.853983Z","level":"warning","event":"The `airflow.decorators.task` attribute is deprecated. Please use `'airflow.sdk.task'`.","category":"DeprecatedImportWarning","filename":"/opt/airflow/dags/dag_pipeline.py","lineno":305,"logger":"py.warnings"}
{"timestamp":"2025-11-07T02:12:55.961524Z","level":"info","event":"Starting PySpark transformation for companies...","logger":"task.stdout"}
{"timestamp":"2025-11-07T02:12:57.857054Z","level":"error","event":"Setting default log level to \"WARN\".","logger":"task.stderr"}
{"timestamp":"2025-11-07T02:12:57.859050Z","level":"error","event":"To adjust logging level use sc.setLogLevel(newLevel). For SparkR, use setLogLevel(newLevel).","logger":"task.stderr"}
{"timestamp":"2025-11-07T02:12:58.063455Z","level":"error","event":"25/11/07 02:12:58 WARN NativeCodeLoader: Unable to load native-hadoop library for your platform... using builtin-java classes where applicable","logger":"task.stderr"}
{"timestamp":"2025-11-07T02:12:58.708749Z","level":"error","event":"25/11/07 02:12:58 WARN Utils: Service 'SparkUI' could not bind on port 4040. Attempting port 4041.","logger":"task.stderr"}
{"timestamp":"2025-11-07T02:13:02.625518Z","level":"info","event":"Loaded 100 companies into Spark","logger":"task.stdout"}
{"timestamp":"2025-11-07T02:13:02.706734Z","level":"info","event":"PySpark transformations complete!","logger":"task.stdout"}
{"timestamp":"2025-11-07T02:13:02.977564Z","level":"info","event":"+--------------------+--------------------+----------------+--------------------+--------------------+----------+--------------------+---------------+------------+-------+------------+-----------+----------------+--------------+","logger":"task.stdout"}
{"timestamp":"2025-11-07T02:13:02.980822Z","level":"info","event":"|                name|               email|           phone|             country|             website|  industry|        catch_phrase|employees_count|founded_year|revenue|company_size|company_age|revenue_category|industry_clean|","logger":"task.stdout"}
{"timestamp":"2025-11-07T02:13:02.981149Z","level":"info","event":"+--------------------+--------------------+----------------+--------------------+--------------------+----------+--------------------+---------------+------------+-------+------------+-----------+----------------+--------------+","logger":"task.stdout"}
{"timestamp":"2025-11-07T02:13:02.981455Z","level":"info","event":"|       Gilmore-Green|info@gilbert-hoff...|001-790-991-5447|               Aruba|  https://lyons.com/|  Reinvent|Object-based zero...|           4999|        1970|7474794|       Large|         55|            High|      REINVENT|","logger":"task.stdout"}
{"timestamp":"2025-11-07T02:13:02.983710Z","level":"info","event":"|         Glass Group|     info@haynes.com|    613-541-7401|         Isle of Man|https://lindsey-w...|   Enhance|Ergonomic local t...|           1093|        2004|8076040|       Large|         21|            High|       ENHANCE|","logger":"task.stdout"}
{"timestamp":"2025-11-07T02:13:02.984498Z","level":"info","event":"|Perkins, Singh an...|info@dixon-johnso...|   (632)336-7230|            Thailand|https://www.davis...|   Embrace|Polarized intangi...|           3195|        2018|8952610|       Large|          7|            High|       EMBRACE|","logger":"task.stdout"}
{"timestamp":"2025-11-07T02:13:02.986295Z","level":"info","event":"|         Mcguire PLC|       info@love.net|      6444109423|Bouvet Island (Bo...|https://gross-bow...|   Deliver|Face-to-face obje...|           1798|        2017|3740186|       Large|          8|             Mid|       DELIVER|","logger":"task.stdout"}
{"timestamp":"2025-11-07T02:13:02.988110Z","level":"info","event":"|      Fitzgerald Inc|info@adams-lewis.com| +1-466-480-8619|            Malaysia|http://www.avery....|Productize|Progressive attit...|           4869|        1986|2719306|       Large|         39|             Mid|    PRODUCTIZE|","logger":"task.stdout"}
{"timestamp":"2025-11-07T02:13:02.988683Z","level":"info","event":"+--------------------+--------------------+----------------+--------------------+--------------------+----------+--------------------+---------------+------------+-------+------------+-----------+----------------+--------------+","logger":"task.stdout"}
{"timestamp":"2025-11-07T02:13:02.989002Z","level":"info","event":"only showing top 5 rows","logger":"task.stdout"}
{"timestamp":"2025-11-07T02:13:02.989354Z","level":"info","event":"","logger":"task.stdout"}
{"timestamp":"2025-11-07T02:13:03.605444Z","level":"info","event":"Transformed companies saved to /opt/airflow/data/companies_transformed.csv","logger":"task.stdout"}
{"timestamp":"2025-11-07T02:13:03.982549Z","level":"info","event":"PySpark session stopped","logger":"task.stdout"}
{"timestamp":"2025-11-07T02:13:03.991031Z","level":"info","event":"Done. Returned value was: /opt/airflow/data/companies_transformed.csv","logger":"airflow.task.operators.airflow.providers.standard.decorators.python._PythonDecoratedOperator","filename":"python.py","lineno":218}
{"timestamp":"2025-11-07T02:13:03.993693Z","level":"info","event":"Pushing xcom","ti":"RuntimeTaskInstance(id=UUID('019a5c16-9018-7c30-960a-a9e30921a152'), task_id='transform_companies_pyspark', dag_id='pipeline', run_id='manual__2025-11-07T02:12:53.882948+00:00', try_number=1, dag_version_id=UUID('019a5c14-a429-76ef-a6d7-3fdef8c7a2b7'), map_index=-1, hostname='a988b2c02150', context_carrier={}, task=<Task(_PythonDecoratedOperator): transform_companies_pyspark>, bundle_instance=LocalDagBundle(name=dags-folder), max_tries=1, start_date=datetime.datetime(2025, 11, 7, 2, 12, 55, 525838, tzinfo=datetime.timezone.utc), end_date=None, state=<TaskInstanceState.RUNNING: 'running'>, is_mapped=False, rendered_map_index=None)","logger":"task","filename":"task_runner.py","lineno":1352}
