{"timestamp":"2025-11-07T02:34:29.134396Z","level":"info","event":"DAG bundles loaded: dags-folder","logger":"airflow.dag_processing.bundles.manager.DagBundlesManager","filename":"manager.py","lineno":179}
{"timestamp":"2025-11-07T02:34:29.135072Z","level":"info","event":"Filling up the DagBag from /opt/airflow/dags/dag_pipeline.py","logger":"airflow.models.dagbag.DagBag","filename":"dagbag.py","lineno":593}
{"timestamp":"2025-11-07T02:34:29.479782Z","level":"warning","event":"The `airflow.decorators.task` attribute is deprecated. Please use `'airflow.sdk.task'`.","category":"DeprecatedImportWarning","filename":"/opt/airflow/dags/dag_pipeline.py","lineno":5,"logger":"py.warnings"}
{"timestamp":"2025-11-07T02:34:30.610477Z","level":"error","event":"Setting default log level to \"WARN\".","logger":"task.stderr"}
{"timestamp":"2025-11-07T02:34:30.611138Z","level":"error","event":"To adjust logging level use sc.setLogLevel(newLevel). For SparkR, use setLogLevel(newLevel).","logger":"task.stderr"}
{"timestamp":"2025-11-07T02:34:30.834111Z","level":"error","event":"25/11/07 02:34:30 WARN NativeCodeLoader: Unable to load native-hadoop library for your platform... using builtin-java classes where applicable","logger":"task.stderr"}
{"timestamp":"2025-11-07T02:34:31.451540Z","level":"error","event":"25/11/07 02:34:31 WARN Utils: Service 'SparkUI' could not bind on port 4040. Attempting port 4041.","logger":"task.stderr"}
{"timestamp":"2025-11-07T02:34:35.187688Z","level":"info","event":"Loaded 100 persons into Spark","logger":"task.stdout"}
{"timestamp":"2025-11-07T02:34:35.525493Z","level":"info","event":"+---------+--------+--------------------+--------------------+--------------------+------------------+----------+---+------+--------------+------------+------------+--------------+","logger":"task.stdout"}
{"timestamp":"2025-11-07T02:34:35.526160Z","level":"info","event":"|firstname|lastname|               email|               phone|             address|              city|   country|age|salary|      fullname|email_domain|age_category|salary_bracket|","logger":"task.stdout"}
{"timestamp":"2025-11-07T02:34:35.526548Z","level":"info","event":"+---------+--------+--------------------+--------------------+--------------------+------------------+----------+---+------+--------------+------------+------------+--------------+","logger":"task.stdout"}
{"timestamp":"2025-11-07T02:34:35.526726Z","level":"info","event":"|   Daniel|   Moody| xarnold@hotmail.com|        842.733.2071|      987 Mark Ranch|    New Kelseyfort|  Slovenia| 59|131541|  Daniel Moody| hotmail.com|      Senior|        Senior|","logger":"task.stdout"}
{"timestamp":"2025-11-07T02:34:35.527285Z","level":"info","event":"|   Denise|  Garcia|owenmonica@gmail.com|          4355404964|6846 Ramsey Drive...|        New Rachel|   Vietnam| 45|147727| Denise Garcia|   gmail.com|  Mid-Career|        Senior|","logger":"task.stdout"}
{"timestamp":"2025-11-07T02:34:35.528438Z","level":"info","event":"|  Michael|   Brown|rebeccacampbell@y...| +1-396-614-0320x686|71407 Calderon Ex...|         West Tara|Luxembourg| 65|135056| Michael Brown|   yahoo.com|      Senior|        Senior|","logger":"task.stdout"}
{"timestamp":"2025-11-07T02:34:35.528785Z","level":"info","event":"|    Donna|   Brown|armstrongphilip@g...|       (567)764-7906|1562 Matthew Poin...|  South Sharonberg|    Rwanda| 41| 60641|   Donna Brown|   gmail.com|  Mid-Career|         Entry|","logger":"task.stdout"}
{"timestamp":"2025-11-07T02:34:35.529632Z","level":"info","event":"|   Thomas| Manning|  colejuan@gmail.com|001-478-848-2849x935|     135 Wolf Valley|East Benjaminmouth|     Congo| 63|142901|Thomas Manning|   gmail.com|      Senior|        Senior|","logger":"task.stdout"}
{"timestamp":"2025-11-07T02:34:35.529848Z","level":"info","event":"+---------+--------+--------------------+--------------------+--------------------+------------------+----------+---+------+--------------+------------+------------+--------------+","logger":"task.stdout"}
{"timestamp":"2025-11-07T02:34:35.530436Z","level":"info","event":"only showing top 5 rows","logger":"task.stdout"}
{"timestamp":"2025-11-07T02:34:35.531439Z","level":"info","event":"","logger":"task.stdout"}
{"timestamp":"2025-11-07T02:34:35.929676Z","level":"info","event":"Transformed persons saved to /opt/airflow/data/persons_transformed.csv","logger":"task.stdout"}
{"timestamp":"2025-11-07T02:34:36.187773Z","level":"info","event":"PySpark session stopped","logger":"task.stdout"}
{"timestamp":"2025-11-07T02:34:36.198239Z","level":"info","event":"Done. Returned value was: /opt/airflow/data/persons_transformed.csv","logger":"airflow.task.operators.airflow.providers.standard.decorators.python._PythonDecoratedOperator","filename":"python.py","lineno":218}
{"timestamp":"2025-11-07T02:34:36.203653Z","level":"info","event":"Pushing xcom","ti":"RuntimeTaskInstance(id=UUID('019a5c2a-4cd2-7c71-a08d-95f64af49c16'), task_id='transform_persons_pyspark', dag_id='pipeline', run_id='manual__2025-11-07T02:34:27.377655+00:00', try_number=1, dag_version_id=UUID('019a5c14-a429-76ef-a6d7-3fdef8c7a2b7'), map_index=-1, hostname='a988b2c02150', context_carrier={}, task=<Task(_PythonDecoratedOperator): transform_persons_pyspark>, bundle_instance=LocalDagBundle(name=dags-folder), max_tries=1, start_date=datetime.datetime(2025, 11, 7, 2, 34, 29, 38590, tzinfo=datetime.timezone.utc), end_date=None, state=<TaskInstanceState.RUNNING: 'running'>, is_mapped=False, rendered_map_index=None)","logger":"task","filename":"task_runner.py","lineno":1352}
