{"timestamp":"2025-11-07T02:28:28.052051Z","level":"info","event":"DAG bundles loaded: dags-folder","logger":"airflow.dag_processing.bundles.manager.DagBundlesManager","filename":"manager.py","lineno":179}
{"timestamp":"2025-11-07T02:28:28.052490Z","level":"info","event":"Filling up the DagBag from /opt/airflow/dags/dag_pipeline.py","logger":"airflow.models.dagbag.DagBag","filename":"dagbag.py","lineno":593}
{"timestamp":"2025-11-07T02:28:28.301339Z","level":"warning","event":"The `airflow.decorators.task` attribute is deprecated. Please use `'airflow.sdk.task'`.","category":"DeprecatedImportWarning","filename":"/opt/airflow/dags/dag_pipeline.py","lineno":5,"logger":"py.warnings"}
{"timestamp":"2025-11-07T02:28:28.368823Z","level":"info","event":"Starting PySpark transformation for companies...","logger":"task.stdout"}
{"timestamp":"2025-11-07T02:28:29.444842Z","level":"error","event":"Setting default log level to \"WARN\".","logger":"task.stderr"}
{"timestamp":"2025-11-07T02:28:29.445695Z","level":"error","event":"To adjust logging level use sc.setLogLevel(newLevel). For SparkR, use setLogLevel(newLevel).","logger":"task.stderr"}
{"timestamp":"2025-11-07T02:28:29.609672Z","level":"error","event":"25/11/07 02:28:29 WARN NativeCodeLoader: Unable to load native-hadoop library for your platform... using builtin-java classes where applicable","logger":"task.stderr"}
{"timestamp":"2025-11-07T02:28:33.933590Z","level":"info","event":"Loaded 100 companies into Spark","logger":"task.stdout"}
{"timestamp":"2025-11-07T02:28:34.040403Z","level":"info","event":"PySpark transformations complete!","logger":"task.stdout"}
{"timestamp":"2025-11-07T02:28:34.284107Z","level":"info","event":"+--------------------+--------------------+--------------------+----------+--------------------+-------------+--------------------+---------------+------------+-------+------------+-----------+----------------+--------------+","logger":"task.stdout"}
{"timestamp":"2025-11-07T02:28:34.284543Z","level":"info","event":"|                name|               email|               phone|   country|             website|     industry|        catch_phrase|employees_count|founded_year|revenue|company_size|company_age|revenue_category|industry_clean|","logger":"task.stdout"}
{"timestamp":"2025-11-07T02:28:34.284659Z","level":"info","event":"+--------------------+--------------------+--------------------+----------+--------------------+-------------+--------------------+---------------+------------+-------+------------+-----------+----------------+--------------+","logger":"task.stdout"}
{"timestamp":"2025-11-07T02:28:34.284741Z","level":"info","event":"|         Ortiz-Jones|     info@peters.com|        688.493.2323|    Jordan|  https://doyle.com/|    Aggregate|Cross-platform fr...|           4628|        1980|1899236|       Large|         45|             Mid|     AGGREGATE|","logger":"task.stdout"}
{"timestamp":"2025-11-07T02:28:34.284810Z","level":"info","event":"|          Hunter Inc|      info@myers.com|          7996217589|    Monaco|   http://hicks.com/|    Architect|Triple-buffered d...|           1560|        2016|1112720|       Large|          9|             Mid|     ARCHITECT|","logger":"task.stdout"}
{"timestamp":"2025-11-07T02:28:34.284888Z","level":"info","event":"|Lopez, Evans and ...|  info@rodriguez.org|          6356213153|     Tonga|https://charles.org/|Revolutionize|Right-sized even-...|           1207|        1971|5184078|       Large|         54|            High| REVOLUTIONIZE|","logger":"task.stdout"}
{"timestamp":"2025-11-07T02:28:34.284975Z","level":"info","event":"|           Gould PLC|info@perez-robins...|001-203-366-4749x443|Tajikistan|https://www.young...|        Brand|Networked encompa...|           2242|        1966|1666989|       Large|         59|             Mid|         BRAND|","logger":"task.stdout"}
{"timestamp":"2025-11-07T02:28:34.285062Z","level":"info","event":"|         Olson Group|info@kelly-carter...| (679)456-7448x37560| Venezuela|https://www.hayes...|        Scale|Decentralized ter...|            858|        1990|4941319|      Medium|         35|             Mid|         SCALE|","logger":"task.stdout"}
{"timestamp":"2025-11-07T02:28:34.285238Z","level":"info","event":"+--------------------+--------------------+--------------------+----------+--------------------+-------------+--------------------+---------------+------------+-------+------------+-----------+----------------+--------------+","logger":"task.stdout"}
{"timestamp":"2025-11-07T02:28:34.285335Z","level":"info","event":"only showing top 5 rows","logger":"task.stdout"}
{"timestamp":"2025-11-07T02:28:34.285410Z","level":"info","event":"","logger":"task.stdout"}
{"timestamp":"2025-11-07T02:28:34.644821Z","level":"info","event":"Transformed companies saved to /opt/airflow/data/companies_transformed.csv","logger":"task.stdout"}
{"timestamp":"2025-11-07T02:28:35.017615Z","level":"info","event":"PySpark session stopped","logger":"task.stdout"}
{"timestamp":"2025-11-07T02:28:35.038796Z","level":"info","event":"Done. Returned value was: /opt/airflow/data/companies_transformed.csv","logger":"airflow.task.operators.airflow.providers.standard.decorators.python._PythonDecoratedOperator","filename":"python.py","lineno":218}
{"timestamp":"2025-11-07T02:28:35.045320Z","level":"info","event":"Pushing xcom","ti":"RuntimeTaskInstance(id=UUID('019a5c24-c8ab-70bc-9876-7fef854ad1f8'), task_id='transform_companies_pyspark', dag_id='pipeline', run_id='manual__2025-11-07T02:28:25.866732+00:00', try_number=1, dag_version_id=UUID('019a5c14-a429-76ef-a6d7-3fdef8c7a2b7'), map_index=-1, hostname='a988b2c02150', context_carrier={}, task=<Task(_PythonDecoratedOperator): transform_companies_pyspark>, bundle_instance=LocalDagBundle(name=dags-folder), max_tries=1, start_date=datetime.datetime(2025, 11, 7, 2, 28, 27, 960139, tzinfo=datetime.timezone.utc), end_date=None, state=<TaskInstanceState.RUNNING: 'running'>, is_mapped=False, rendered_map_index=None)","logger":"task","filename":"task_runner.py","lineno":1352}
