{"timestamp":"2025-11-07T02:10:52.135595Z","level":"info","event":"DAG bundles loaded: dags-folder","logger":"airflow.dag_processing.bundles.manager.DagBundlesManager","filename":"manager.py","lineno":179}
{"timestamp":"2025-11-07T02:10:52.137349Z","level":"info","event":"Filling up the DagBag from /opt/airflow/dags/dag_pipeline.py","logger":"airflow.models.dagbag.DagBag","filename":"dagbag.py","lineno":593}
{"timestamp":"2025-11-07T02:10:52.511186Z","level":"warning","event":"The `airflow.decorators.task` attribute is deprecated. Please use `'airflow.sdk.task'`.","category":"DeprecatedImportWarning","filename":"/opt/airflow/dags/dag_pipeline.py","lineno":305,"logger":"py.warnings"}
{"timestamp":"2025-11-07T02:10:52.648774Z","level":"info","event":"Starting PySpark transformation for companies...","logger":"task.stdout"}
{"timestamp":"2025-11-07T02:10:54.979368Z","level":"error","event":"Setting default log level to \"WARN\".","logger":"task.stderr"}
{"timestamp":"2025-11-07T02:10:54.981358Z","level":"error","event":"To adjust logging level use sc.setLogLevel(newLevel). For SparkR, use setLogLevel(newLevel).","logger":"task.stderr"}
{"timestamp":"2025-11-07T02:10:55.198634Z","level":"error","event":"25/11/07 02:10:55 WARN NativeCodeLoader: Unable to load native-hadoop library for your platform... using builtin-java classes where applicable","logger":"task.stderr"}
{"timestamp":"2025-11-07T02:11:00.281653Z","level":"info","event":"Loaded 100 companies into Spark","logger":"task.stdout"}
{"timestamp":"2025-11-07T02:11:00.424059Z","level":"info","event":"PySpark transformations complete!","logger":"task.stdout"}
{"timestamp":"2025-11-07T02:11:01.102670Z","level":"info","event":"+--------------------+--------------------+-------------+--------------------+--------------------+--------+--------------------+---------------+------------+-------+------------+-----------+----------------+--------------+","logger":"task.stdout"}
{"timestamp":"2025-11-07T02:11:01.103024Z","level":"info","event":"|                name|               email|        phone|             country|             website|industry|        catch_phrase|employees_count|founded_year|revenue|company_size|company_age|revenue_category|industry_clean|","logger":"task.stdout"}
{"timestamp":"2025-11-07T02:11:01.103203Z","level":"info","event":"+--------------------+--------------------+-------------+--------------------+--------------------+--------+--------------------+---------------+------------+-------+------------+-----------+----------------+--------------+","logger":"task.stdout"}
{"timestamp":"2025-11-07T02:11:01.103357Z","level":"info","event":"|Smith, Brandt and...|      info@baker.org|(945)266-6618|          Montenegro|http://www.morale...|  Target|Persistent system...|            779|        2017|7985833|      Medium|          8|            High|        TARGET|","logger":"task.stdout"}
{"timestamp":"2025-11-07T02:11:01.103521Z","level":"info","event":"|       Morales Group|     info@franco.com|(903)466-9877|Holy See (Vatican...|https://www.beltr...|  Target|Persistent neutra...|           4054|        1967|7615156|       Large|         58|            High|        TARGET|","logger":"task.stdout"}
{"timestamp":"2025-11-07T02:11:01.103640Z","level":"info","event":"|         Sutton-Soto|     info@wagner.com| 862-472-4691|British Indian Oc...|https://www.lopez...|Expedite|Adaptive bandwidt...|           1916|        1993|1556319|       Large|         32|             Mid|      EXPEDITE|","logger":"task.stdout"}
{"timestamp":"2025-11-07T02:11:01.104023Z","level":"info","event":"|Perkins, Gallaghe...|info@stone-horne.net|   3078840585|              Norway|http://www.boyd.com/|  Extend|Object-based cont...|           1161|        1992|1927675|       Large|         33|             Mid|        EXTEND|","logger":"task.stdout"}
{"timestamp":"2025-11-07T02:11:01.104284Z","level":"info","event":"|       Johnson-James|    info@griffin.org| 245.706.5149|               Congo|https://www.frenc...|Engineer|Organic multi-sta...|            699|        2011|4837882|      Medium|         14|             Mid|      ENGINEER|","logger":"task.stdout"}
{"timestamp":"2025-11-07T02:11:01.104679Z","level":"info","event":"+--------------------+--------------------+-------------+--------------------+--------------------+--------+--------------------+---------------+------------+-------+------------+-----------+----------------+--------------+","logger":"task.stdout"}
{"timestamp":"2025-11-07T02:11:01.105604Z","level":"info","event":"only showing top 5 rows","logger":"task.stdout"}
{"timestamp":"2025-11-07T02:11:01.106566Z","level":"info","event":"","logger":"task.stdout"}
{"timestamp":"2025-11-07T02:11:01.992017Z","level":"info","event":"Transformed companies saved to /opt/airflow/data/companies_transformed.csv","logger":"task.stdout"}
{"timestamp":"2025-11-07T02:11:02.449711Z","level":"info","event":"PySpark session stopped","logger":"task.stdout"}
{"timestamp":"2025-11-07T02:11:02.493002Z","level":"info","event":"Done. Returned value was: /opt/airflow/data/companies_transformed.csv","logger":"airflow.task.operators.airflow.providers.standard.decorators.python._PythonDecoratedOperator","filename":"python.py","lineno":218}
{"timestamp":"2025-11-07T02:11:02.501003Z","level":"info","event":"Pushing xcom","ti":"RuntimeTaskInstance(id=UUID('019a5c14-a55b-7523-88d5-897368d7b71e'), task_id='transform_companies_pyspark', dag_id='pipeline', run_id='scheduled__2025-11-07T00:00:00+00:00', try_number=1, dag_version_id=UUID('019a5c14-a429-76ef-a6d7-3fdef8c7a2b7'), map_index=-1, hostname='a988b2c02150', context_carrier={}, task=<Task(_PythonDecoratedOperator): transform_companies_pyspark>, bundle_instance=LocalDagBundle(name=dags-folder), max_tries=1, start_date=datetime.datetime(2025, 11, 7, 2, 10, 51, 857456, tzinfo=datetime.timezone.utc), end_date=None, state=<TaskInstanceState.RUNNING: 'running'>, is_mapped=False, rendered_map_index=None)","logger":"task","filename":"task_runner.py","lineno":1352}
